{"/Users/krishcdbry/krishWork/mylocal/javascript-series/algo/case_permutations.js": {"path":"/Users/krishcdbry/krishWork/mylocal/javascript-series/algo/case_permutations.js","statementMap":{"0":{"start":{"line":22,"column":30},"end":{"line":39,"column":1}},"1":{"start":{"line":23,"column":16},"end":{"line":23,"column":18}},"2":{"start":{"line":24,"column":16},"end":{"line":24,"column":24}},"3":{"start":{"line":25,"column":17},"end":{"line":36,"column":5}},"4":{"start":{"line":26,"column":21},"end":{"line":26,"column":25}},"5":{"start":{"line":27,"column":8},"end":{"line":30,"column":9}},"6":{"start":{"line":28,"column":12},"end":{"line":28,"column":29}},"7":{"start":{"line":29,"column":12},"end":{"line":29,"column":19}},"8":{"start":{"line":31,"column":8},"end":{"line":35,"column":9}},"9":{"start":{"line":31,"column":36},"end":{"line":31,"column":59}},"10":{"start":{"line":33,"column":12},"end":{"line":33,"column":48}},"11":{"start":{"line":34,"column":12},"end":{"line":34,"column":48}},"12":{"start":{"line":37,"column":4},"end":{"line":37,"column":16}},"13":{"start":{"line":38,"column":4},"end":{"line":38,"column":15}},"14":{"start":{"line":41,"column":0},"end":{"line":41,"column":39}}},"fnMap":{"0":{"name":"(anonymous_0)","decl":{"start":{"line":22,"column":30},"end":{"line":22,"column":31}},"loc":{"start":{"line":22,"column":42},"end":{"line":39,"column":1}},"line":22},"1":{"name":"(anonymous_1)","decl":{"start":{"line":25,"column":17},"end":{"line":25,"column":18}},"loc":{"start":{"line":25,"column":32},"end":{"line":36,"column":5}},"line":25}},"branchMap":{"0":{"loc":{"start":{"line":27,"column":8},"end":{"line":30,"column":9}},"type":"if","locations":[{"start":{"line":27,"column":8},"end":{"line":30,"column":9}},{"start":{"line":27,"column":8},"end":{"line":30,"column":9}}],"line":27},"1":{"loc":{"start":{"line":31,"column":8},"end":{"line":35,"column":9}},"type":"if","locations":[{"start":{"line":31,"column":8},"end":{"line":35,"column":9}},{"start":{"line":31,"column":8},"end":{"line":35,"column":9}}],"line":31},"2":{"loc":{"start":{"line":31,"column":12},"end":{"line":31,"column":34}},"type":"binary-expr","locations":[{"start":{"line":31,"column":12},"end":{"line":31,"column":21}},{"start":{"line":31,"column":25},"end":{"line":31,"column":34}}],"line":31}},"s":{"0":1,"1":3,"2":3,"3":3,"4":17,"5":17,"6":7,"7":7,"8":10,"9":6,"10":4,"11":4,"12":3,"13":3,"14":1},"f":{"0":3,"1":17},"b":{"0":[7,10],"1":[6,4],"2":[10,6]},"_coverageSchema":"43e27e138ebf9cfc5966b082cf9a028302ed4184","hash":"4afd221cf392283377acc6cc497570f819bf823d"}
,"/Users/krishcdbry/krishWork/mylocal/javascript-series/algo/coinchange.js": {"path":"/Users/krishcdbry/krishWork/mylocal/javascript-series/algo/coinchange.js","statementMap":{"0":{"start":{"line":19,"column":19},"end":{"line":19,"column":43}},"1":{"start":{"line":20,"column":17},"end":{"line":20,"column":25}},"2":{"start":{"line":21,"column":4},"end":{"line":21,"column":18}},"3":{"start":{"line":23,"column":4},"end":{"line":27,"column":5}},"4":{"start":{"line":23,"column":17},"end":{"line":23,"column":18}},"5":{"start":{"line":24,"column":8},"end":{"line":26,"column":9}},"6":{"start":{"line":24,"column":21},"end":{"line":24,"column":25}},"7":{"start":{"line":25,"column":10},"end":{"line":25,"column":40}},"8":{"start":{"line":29,"column":3},"end":{"line":29,"column":20}},"9":{"start":{"line":34,"column":19},"end":{"line":34,"column":21}},"10":{"start":{"line":35,"column":17},"end":{"line":35,"column":25}},"11":{"start":{"line":36,"column":4},"end":{"line":36,"column":18}},"12":{"start":{"line":38,"column":4},"end":{"line":44,"column":5}},"13":{"start":{"line":38,"column":17},"end":{"line":38,"column":18}},"14":{"start":{"line":39,"column":8},"end":{"line":43,"column":9}},"15":{"start":{"line":39,"column":21},"end":{"line":39,"column":25}},"16":{"start":{"line":40,"column":23},"end":{"line":40,"column":44}},"17":{"start":{"line":41,"column":10},"end":{"line":42,"column":32}},"18":{"start":{"line":41,"column":40},"end":{"line":41,"column":58}},"19":{"start":{"line":42,"column":15},"end":{"line":42,"column":32}},"20":{"start":{"line":46,"column":3},"end":{"line":46,"column":25}},"21":{"start":{"line":49,"column":0},"end":{"line":52,"column":1}}},"fnMap":{"0":{"name":"getCoinChange","decl":{"start":{"line":18,"column":9},"end":{"line":18,"column":22}},"loc":{"start":{"line":18,"column":29},"end":{"line":30,"column":1}},"line":18},"1":{"name":"getCoinChangeObj","decl":{"start":{"line":33,"column":9},"end":{"line":33,"column":25}},"loc":{"start":{"line":33,"column":32},"end":{"line":47,"column":1}},"line":33}},"branchMap":{"0":{"loc":{"start":{"line":40,"column":23},"end":{"line":40,"column":44}},"type":"binary-expr","locations":[{"start":{"line":40,"column":23},"end":{"line":40,"column":39}},{"start":{"line":40,"column":43},"end":{"line":40,"column":44}}],"line":40},"1":{"loc":{"start":{"line":41,"column":10},"end":{"line":42,"column":32}},"type":"if","locations":[{"start":{"line":41,"column":10},"end":{"line":42,"column":32}},{"start":{"line":41,"column":10},"end":{"line":42,"column":32}}],"line":41},"2":{"loc":{"start":{"line":46,"column":10},"end":{"line":46,"column":24}},"type":"binary-expr","locations":[{"start":{"line":46,"column":10},"end":{"line":46,"column":19}},{"start":{"line":46,"column":23},"end":{"line":46,"column":24}}],"line":46}},"s":{"0":1,"1":1,"2":1,"3":1,"4":1,"5":4,"6":4,"7":28,"8":1,"9":1,"10":1,"11":1,"12":1,"13":1,"14":4,"15":4,"16":28,"17":28,"18":19,"19":9,"20":1,"21":1},"f":{"0":1,"1":1},"b":{"0":[28,8],"1":[19,9],"2":[1,0]},"_coverageSchema":"43e27e138ebf9cfc5966b082cf9a028302ed4184","hash":"f95dfde03fdbc346e2f842dbe5dabf4511f777f8"}
,"/Users/krishcdbry/krishWork/mylocal/javascript-series/algo/findduplicates.js": {"path":"/Users/krishcdbry/krishWork/mylocal/javascript-series/algo/findduplicates.js","statementMap":{"0":{"start":{"line":2,"column":16},"end":{"line":2,"column":18}},"1":{"start":{"line":3,"column":4},"end":{"line":6,"column":6}},"2":{"start":{"line":4,"column":7},"end":{"line":5,"column":24}},"3":{"start":{"line":4,"column":38},"end":{"line":4,"column":52}},"4":{"start":{"line":5,"column":12},"end":{"line":5,"column":24}},"5":{"start":{"line":9,"column":0},"end":{"line":9,"column":32}}},"fnMap":{"0":{"name":"findDuplicates","decl":{"start":{"line":1,"column":9},"end":{"line":1,"column":23}},"loc":{"start":{"line":1,"column":30},"end":{"line":7,"column":3}},"line":1},"1":{"name":"(anonymous_1)","decl":{"start":{"line":3,"column":31},"end":{"line":3,"column":32}},"loc":{"start":{"line":3,"column":39},"end":{"line":6,"column":5}},"line":3}},"branchMap":{"0":{"loc":{"start":{"line":4,"column":7},"end":{"line":5,"column":24}},"type":"if","locations":[{"start":{"line":4,"column":7},"end":{"line":5,"column":24}},{"start":{"line":4,"column":7},"end":{"line":5,"column":24}}],"line":4}},"s":{"0":3,"1":3,"2":21,"3":18,"4":3,"5":1},"f":{"0":3,"1":21},"b":{"0":[18,3]},"_coverageSchema":"43e27e138ebf9cfc5966b082cf9a028302ed4184","hash":"e2f56b28889293a0ee53b96155cc17bd8546501d"}
,"/Users/krishcdbry/krishWork/mylocal/javascript-series/cdci/arrays_strings/is_permutation.js": {"path":"/Users/krishcdbry/krishWork/mylocal/javascript-series/cdci/arrays_strings/is_permutation.js","statementMap":{"0":{"start":{"line":10,"column":22},"end":{"line":29,"column":1}},"1":{"start":{"line":11,"column":21},"end":{"line":11,"column":23}},"2":{"start":{"line":12,"column":19},"end":{"line":12,"column":30}},"3":{"start":{"line":14,"column":4},"end":{"line":14,"column":44}},"4":{"start":{"line":14,"column":31},"end":{"line":14,"column":44}},"5":{"start":{"line":16,"column":4},"end":{"line":20,"column":5}},"6":{"start":{"line":16,"column":17},"end":{"line":16,"column":18}},"7":{"start":{"line":17,"column":19},"end":{"line":17,"column":26}},"8":{"start":{"line":18,"column":8},"end":{"line":19,"column":32}},"9":{"start":{"line":18,"column":28},"end":{"line":18,"column":45}},"10":{"start":{"line":19,"column":13},"end":{"line":19,"column":32}},"11":{"start":{"line":22,"column":4},"end":{"line":26,"column":5}},"12":{"start":{"line":22,"column":17},"end":{"line":22,"column":18}},"13":{"start":{"line":23,"column":19},"end":{"line":23,"column":26}},"14":{"start":{"line":24,"column":8},"end":{"line":25,"column":30}},"15":{"start":{"line":24,"column":29},"end":{"line":24,"column":42}},"16":{"start":{"line":25,"column":13},"end":{"line":25,"column":30}},"17":{"start":{"line":28,"column":4},"end":{"line":28,"column":16}},"18":{"start":{"line":31,"column":0},"end":{"line":31,"column":31}}},"fnMap":{"0":{"name":"(anonymous_0)","decl":{"start":{"line":10,"column":22},"end":{"line":10,"column":23}},"loc":{"start":{"line":10,"column":38},"end":{"line":29,"column":1}},"line":10}},"branchMap":{"0":{"loc":{"start":{"line":14,"column":4},"end":{"line":14,"column":44}},"type":"if","locations":[{"start":{"line":14,"column":4},"end":{"line":14,"column":44}},{"start":{"line":14,"column":4},"end":{"line":14,"column":44}}],"line":14},"1":{"loc":{"start":{"line":18,"column":8},"end":{"line":19,"column":32}},"type":"if","locations":[{"start":{"line":18,"column":8},"end":{"line":19,"column":32}},{"start":{"line":18,"column":8},"end":{"line":19,"column":32}}],"line":18},"2":{"loc":{"start":{"line":24,"column":8},"end":{"line":25,"column":30}},"type":"if","locations":[{"start":{"line":24,"column":8},"end":{"line":25,"column":30}},{"start":{"line":24,"column":8},"end":{"line":25,"column":30}}],"line":24}},"s":{"0":1,"1":3,"2":3,"3":3,"4":0,"5":3,"6":3,"7":10,"8":10,"9":0,"10":10,"11":3,"12":3,"13":10,"14":10,"15":1,"16":9,"17":2,"18":1},"f":{"0":3},"b":{"0":[0,3],"1":[0,10],"2":[1,9]},"_coverageSchema":"43e27e138ebf9cfc5966b082cf9a028302ed4184","hash":"465473237383ed4ab72aff9ce82f8ae79b8dade2"}
,"/Users/krishcdbry/krishWork/mylocal/javascript-series/cdci/arrays_strings/is_unique.js": {"path":"/Users/krishcdbry/krishWork/mylocal/javascript-series/cdci/arrays_strings/is_unique.js","statementMap":{"0":{"start":{"line":11,"column":17},"end":{"line":18,"column":1}},"1":{"start":{"line":12,"column":4},"end":{"line":12,"column":38}},"2":{"start":{"line":12,"column":25},"end":{"line":12,"column":38}},"3":{"start":{"line":13,"column":22},"end":{"line":13,"column":32}},"4":{"start":{"line":14,"column":4},"end":{"line":16,"column":5}},"5":{"start":{"line":14,"column":17},"end":{"line":14,"column":18}},"6":{"start":{"line":15,"column":8},"end":{"line":15,"column":73}},"7":{"start":{"line":15,"column":60},"end":{"line":15,"column":73}},"8":{"start":{"line":17,"column":4},"end":{"line":17,"column":16}},"9":{"start":{"line":20,"column":0},"end":{"line":20,"column":26}}},"fnMap":{"0":{"name":"(anonymous_0)","decl":{"start":{"line":11,"column":17},"end":{"line":11,"column":18}},"loc":{"start":{"line":11,"column":26},"end":{"line":18,"column":1}},"line":11}},"branchMap":{"0":{"loc":{"start":{"line":12,"column":4},"end":{"line":12,"column":38}},"type":"if","locations":[{"start":{"line":12,"column":4},"end":{"line":12,"column":38}},{"start":{"line":12,"column":4},"end":{"line":12,"column":38}}],"line":12},"1":{"loc":{"start":{"line":15,"column":8},"end":{"line":15,"column":73}},"type":"if","locations":[{"start":{"line":15,"column":8},"end":{"line":15,"column":73}},{"start":{"line":15,"column":8},"end":{"line":15,"column":73}}],"line":15}},"s":{"0":1,"1":4,"2":1,"3":3,"4":3,"5":3,"6":18,"7":2,"8":1,"9":1},"f":{"0":4},"b":{"0":[1,3],"1":[2,16]},"_coverageSchema":"43e27e138ebf9cfc5966b082cf9a028302ed4184","hash":"3b342a7d53d5c75f3fbcc8d29584a2a181dfd5fe"}
,"/Users/krishcdbry/krishWork/mylocal/javascript-series/cdci/arrays_strings/one_away.js": {"path":"/Users/krishcdbry/krishWork/mylocal/javascript-series/cdci/arrays_strings/one_away.js","statementMap":{"0":{"start":{"line":16,"column":16},"end":{"line":30,"column":1}},"1":{"start":{"line":17,"column":23},"end":{"line":17,"column":25}},"2":{"start":{"line":18,"column":4},"end":{"line":22,"column":5}},"3":{"start":{"line":18,"column":17},"end":{"line":18,"column":18}},"4":{"start":{"line":19,"column":19},"end":{"line":19,"column":26}},"5":{"start":{"line":20,"column":8},"end":{"line":21,"column":34}},"6":{"start":{"line":20,"column":30},"end":{"line":20,"column":49}},"7":{"start":{"line":21,"column":13},"end":{"line":21,"column":34}},"8":{"start":{"line":24,"column":4},"end":{"line":27,"column":5}},"9":{"start":{"line":24,"column":17},"end":{"line":24,"column":18}},"10":{"start":{"line":25,"column":19},"end":{"line":25,"column":26}},"11":{"start":{"line":26,"column":8},"end":{"line":26,"column":49}},"12":{"start":{"line":26,"column":30},"end":{"line":26,"column":49}},"13":{"start":{"line":29,"column":4},"end":{"line":29,"column":64}},"14":{"start":{"line":29,"column":54},"end":{"line":29,"column":57}},"15":{"start":{"line":32,"column":0},"end":{"line":32,"column":25}}},"fnMap":{"0":{"name":"(anonymous_0)","decl":{"start":{"line":16,"column":16},"end":{"line":16,"column":17}},"loc":{"start":{"line":16,"column":32},"end":{"line":30,"column":1}},"line":16},"1":{"name":"(anonymous_1)","decl":{"start":{"line":29,"column":44},"end":{"line":29,"column":45}},"loc":{"start":{"line":29,"column":54},"end":{"line":29,"column":57}},"line":29}},"branchMap":{"0":{"loc":{"start":{"line":20,"column":8},"end":{"line":21,"column":34}},"type":"if","locations":[{"start":{"line":20,"column":8},"end":{"line":21,"column":34}},{"start":{"line":20,"column":8},"end":{"line":21,"column":34}}],"line":20},"1":{"loc":{"start":{"line":26,"column":8},"end":{"line":26,"column":49}},"type":"if","locations":[{"start":{"line":26,"column":8},"end":{"line":26,"column":49}},{"start":{"line":26,"column":8},"end":{"line":26,"column":49}}],"line":26}},"s":{"0":1,"1":3,"2":3,"3":3,"4":13,"5":13,"6":3,"7":10,"8":3,"9":3,"10":12,"11":12,"12":8,"13":3,"14":7,"15":1},"f":{"0":3,"1":7},"b":{"0":[3,10],"1":[8,4]},"_coverageSchema":"43e27e138ebf9cfc5966b082cf9a028302ed4184","hash":"e317bc51c11d6a8f06e9bb97f0d21c0975d6f2e5"}
,"/Users/krishcdbry/krishWork/mylocal/javascript-series/cdci/arrays_strings/palindrome_permutation.js": {"path":"/Users/krishcdbry/krishWork/mylocal/javascript-series/cdci/arrays_strings/palindrome_permutation.js","statementMap":{"0":{"start":{"line":16,"column":30},"end":{"line":25,"column":1}},"1":{"start":{"line":17,"column":21},"end":{"line":17,"column":23}},"2":{"start":{"line":18,"column":22},"end":{"line":18,"column":32}},"3":{"start":{"line":19,"column":4},"end":{"line":23,"column":5}},"4":{"start":{"line":19,"column":17},"end":{"line":19,"column":18}},"5":{"start":{"line":20,"column":21},"end":{"line":20,"column":27}},"6":{"start":{"line":21,"column":8},"end":{"line":22,"column":49}},"7":{"start":{"line":21,"column":28},"end":{"line":21,"column":45}},"8":{"start":{"line":22,"column":13},"end":{"line":22,"column":49}},"9":{"start":{"line":22,"column":30},"end":{"line":22,"column":49}},"10":{"start":{"line":24,"column":4},"end":{"line":24,"column":61}},"11":{"start":{"line":24,"column":52},"end":{"line":24,"column":55}},"12":{"start":{"line":27,"column":0},"end":{"line":27,"column":39}}},"fnMap":{"0":{"name":"(anonymous_0)","decl":{"start":{"line":16,"column":30},"end":{"line":16,"column":31}},"loc":{"start":{"line":16,"column":39},"end":{"line":25,"column":1}},"line":16},"1":{"name":"(anonymous_1)","decl":{"start":{"line":24,"column":42},"end":{"line":24,"column":43}},"loc":{"start":{"line":24,"column":52},"end":{"line":24,"column":55}},"line":24}},"branchMap":{"0":{"loc":{"start":{"line":21,"column":8},"end":{"line":22,"column":49}},"type":"if","locations":[{"start":{"line":21,"column":8},"end":{"line":22,"column":49}},{"start":{"line":21,"column":8},"end":{"line":22,"column":49}}],"line":21},"1":{"loc":{"start":{"line":22,"column":13},"end":{"line":22,"column":49}},"type":"if","locations":[{"start":{"line":22,"column":13},"end":{"line":22,"column":49}},{"start":{"line":22,"column":13},"end":{"line":22,"column":49}}],"line":22}},"s":{"0":1,"1":3,"2":3,"3":3,"4":3,"5":63,"6":63,"7":29,"8":34,"9":34,"10":3,"11":28,"12":1},"f":{"0":3,"1":28},"b":{"0":[29,34],"1":[34,0]},"_coverageSchema":"43e27e138ebf9cfc5966b082cf9a028302ed4184","hash":"45c33697b18cf20b801c33ef83d83b96faffaaf6"}
,"/Users/krishcdbry/krishWork/mylocal/javascript-series/cdci/arrays_strings/rotate_matrix.js": {"path":"/Users/krishcdbry/krishWork/mylocal/javascript-series/cdci/arrays_strings/rotate_matrix.js","statementMap":{"0":{"start":{"line":10,"column":21},"end":{"line":25,"column":1}},"1":{"start":{"line":11,"column":14},"end":{"line":11,"column":24}},"2":{"start":{"line":12,"column":4},"end":{"line":23,"column":5}},"3":{"start":{"line":12,"column":17},"end":{"line":12,"column":18}},"4":{"start":{"line":13,"column":20},"end":{"line":13,"column":25}},"5":{"start":{"line":14,"column":8},"end":{"line":22,"column":9}},"6":{"start":{"line":14,"column":21},"end":{"line":14,"column":22}},"7":{"start":{"line":15,"column":25},"end":{"line":15,"column":28}},"8":{"start":{"line":17,"column":23},"end":{"line":17,"column":32}},"9":{"start":{"line":18,"column":12},"end":{"line":18,"column":45}},"10":{"start":{"line":19,"column":12},"end":{"line":19,"column":60}},"11":{"start":{"line":20,"column":12},"end":{"line":20,"column":53}},"12":{"start":{"line":21,"column":12},"end":{"line":21,"column":33}},"13":{"start":{"line":24,"column":4},"end":{"line":24,"column":15}},"14":{"start":{"line":27,"column":0},"end":{"line":27,"column":30}}},"fnMap":{"0":{"name":"(anonymous_0)","decl":{"start":{"line":10,"column":21},"end":{"line":10,"column":22}},"loc":{"start":{"line":10,"column":30},"end":{"line":25,"column":1}},"line":10}},"branchMap":{},"s":{"0":1,"1":2,"2":2,"3":2,"4":4,"5":4,"6":4,"7":6,"8":6,"9":6,"10":6,"11":6,"12":6,"13":2,"14":1},"f":{"0":2},"b":{},"_coverageSchema":"43e27e138ebf9cfc5966b082cf9a028302ed4184","hash":"31c8f8a2740d6f2921fc2a30e2216ade0c03185d"}
,"/Users/krishcdbry/krishWork/mylocal/javascript-series/cdci/arrays_strings/string_compression.js": {"path":"/Users/krishcdbry/krishWork/mylocal/javascript-series/cdci/arrays_strings/string_compression.js","statementMap":{"0":{"start":{"line":13,"column":26},"end":{"line":32,"column":1}},"1":{"start":{"line":14,"column":20},"end":{"line":14,"column":22}},"2":{"start":{"line":15,"column":22},"end":{"line":15,"column":28}},"3":{"start":{"line":16,"column":23},"end":{"line":16,"column":24}},"4":{"start":{"line":17,"column":22},"end":{"line":17,"column":32}},"5":{"start":{"line":19,"column":4},"end":{"line":27,"column":5}},"6":{"start":{"line":19,"column":17},"end":{"line":19,"column":18}},"7":{"start":{"line":20,"column":8},"end":{"line":26,"column":28}},"8":{"start":{"line":21,"column":12},"end":{"line":21,"column":50}},"9":{"start":{"line":22,"column":12},"end":{"line":22,"column":59}},"10":{"start":{"line":22,"column":48},"end":{"line":22,"column":59}},"11":{"start":{"line":23,"column":12},"end":{"line":23,"column":33}},"12":{"start":{"line":24,"column":12},"end":{"line":24,"column":29}},"13":{"start":{"line":26,"column":13},"end":{"line":26,"column":28}},"14":{"start":{"line":29,"column":4},"end":{"line":29,"column":42}},"15":{"start":{"line":31,"column":4},"end":{"line":31,"column":60}},"16":{"start":{"line":34,"column":0},"end":{"line":34,"column":35}}},"fnMap":{"0":{"name":"(anonymous_0)","decl":{"start":{"line":13,"column":26},"end":{"line":13,"column":27}},"loc":{"start":{"line":13,"column":35},"end":{"line":32,"column":1}},"line":13}},"branchMap":{"0":{"loc":{"start":{"line":20,"column":8},"end":{"line":26,"column":28}},"type":"if","locations":[{"start":{"line":20,"column":8},"end":{"line":26,"column":28}},{"start":{"line":20,"column":8},"end":{"line":26,"column":28}}],"line":20},"1":{"loc":{"start":{"line":22,"column":12},"end":{"line":22,"column":59}},"type":"if","locations":[{"start":{"line":22,"column":12},"end":{"line":22,"column":59}},{"start":{"line":22,"column":12},"end":{"line":22,"column":59}}],"line":22},"2":{"loc":{"start":{"line":31,"column":11},"end":{"line":31,"column":59}},"type":"cond-expr","locations":[{"start":{"line":31,"column":44},"end":{"line":31,"column":47}},{"start":{"line":31,"column":50},"end":{"line":31,"column":59}}],"line":31}},"s":{"0":1,"1":3,"2":3,"3":3,"4":3,"5":3,"6":3,"7":36,"8":12,"9":12,"10":1,"11":11,"12":11,"13":24,"14":2,"15":2,"16":1},"f":{"0":3},"b":{"0":[12,24],"1":[1,11],"2":[0,2]},"_coverageSchema":"43e27e138ebf9cfc5966b082cf9a028302ed4184","hash":"522a3991d0c1133f254bea88ab2cced574407e2f"}
,"/Users/krishcdbry/krishWork/mylocal/javascript-series/cdci/arrays_strings/urlify.js": {"path":"/Users/krishcdbry/krishWork/mylocal/javascript-series/cdci/arrays_strings/urlify.js","statementMap":{"0":{"start":{"line":16,"column":15},"end":{"line":27,"column":2}},"1":{"start":{"line":17,"column":12},"end":{"line":17,"column":13}},"2":{"start":{"line":18,"column":4},"end":{"line":25,"column":5}},"3":{"start":{"line":19,"column":8},"end":{"line":23,"column":9}},"4":{"start":{"line":20,"column":10},"end":{"line":20,"column":72}},"5":{"start":{"line":21,"column":10},"end":{"line":21,"column":18}},"6":{"start":{"line":22,"column":10},"end":{"line":22,"column":28}},"7":{"start":{"line":24,"column":8},"end":{"line":24,"column":12}},"8":{"start":{"line":26,"column":4},"end":{"line":26,"column":15}},"9":{"start":{"line":30,"column":1},"end":{"line":30,"column":25}}},"fnMap":{"0":{"name":"(anonymous_0)","decl":{"start":{"line":16,"column":15},"end":{"line":16,"column":16}},"loc":{"start":{"line":16,"column":32},"end":{"line":27,"column":2}},"line":16}},"branchMap":{"0":{"loc":{"start":{"line":19,"column":8},"end":{"line":23,"column":9}},"type":"if","locations":[{"start":{"line":19,"column":8},"end":{"line":23,"column":9}},{"start":{"line":19,"column":8},"end":{"line":23,"column":9}}],"line":19}},"s":{"0":1,"1":2,"2":2,"3":38,"4":11,"5":11,"6":11,"7":38,"8":2,"9":1},"f":{"0":2},"b":{"0":[11,27]},"_coverageSchema":"43e27e138ebf9cfc5966b082cf9a028302ed4184","hash":"7587bef87dbbc664f2c5562b20fbdcc6cbee4a5f"}
,"/Users/krishcdbry/krishWork/mylocal/javascript-series/cdci/arrays_strings/zero_matrix.js": {"path":"/Users/krishcdbry/krishWork/mylocal/javascript-series/cdci/arrays_strings/zero_matrix.js","statementMap":{"0":{"start":{"line":8,"column":19},"end":{"line":54,"column":1}},"1":{"start":{"line":9,"column":14},"end":{"line":9,"column":27}},"2":{"start":{"line":9,"column":33},"end":{"line":9,"column":49}},"3":{"start":{"line":10,"column":18},"end":{"line":10,"column":23}},"4":{"start":{"line":10,"column":35},"end":{"line":10,"column":40}},"5":{"start":{"line":13,"column":4},"end":{"line":17,"column":5}},"6":{"start":{"line":13,"column":17},"end":{"line":13,"column":18}},"7":{"start":{"line":14,"column":8},"end":{"line":16,"column":9}},"8":{"start":{"line":15,"column":12},"end":{"line":15,"column":27}},"9":{"start":{"line":15,"column":28},"end":{"line":15,"column":34}},"10":{"start":{"line":19,"column":4},"end":{"line":23,"column":5}},"11":{"start":{"line":19,"column":17},"end":{"line":19,"column":18}},"12":{"start":{"line":20,"column":8},"end":{"line":22,"column":9}},"13":{"start":{"line":21,"column":12},"end":{"line":21,"column":27}},"14":{"start":{"line":21,"column":28},"end":{"line":21,"column":34}},"15":{"start":{"line":26,"column":4},"end":{"line":30,"column":5}},"16":{"start":{"line":26,"column":17},"end":{"line":26,"column":18}},"17":{"start":{"line":27,"column":8},"end":{"line":29,"column":9}},"18":{"start":{"line":27,"column":21},"end":{"line":27,"column":22}},"19":{"start":{"line":28,"column":12},"end":{"line":28,"column":70}},"20":{"start":{"line":28,"column":35},"end":{"line":28,"column":70}},"21":{"start":{"line":33,"column":4},"end":{"line":37,"column":5}},"22":{"start":{"line":33,"column":17},"end":{"line":33,"column":18}},"23":{"start":{"line":34,"column":8},"end":{"line":36,"column":9}},"24":{"start":{"line":34,"column":21},"end":{"line":34,"column":22}},"25":{"start":{"line":35,"column":12},"end":{"line":35,"column":73}},"26":{"start":{"line":35,"column":56},"end":{"line":35,"column":73}},"27":{"start":{"line":40,"column":4},"end":{"line":44,"column":5}},"28":{"start":{"line":41,"column":8},"end":{"line":43,"column":9}},"29":{"start":{"line":41,"column":21},"end":{"line":41,"column":22}},"30":{"start":{"line":42,"column":12},"end":{"line":42,"column":29}},"31":{"start":{"line":47,"column":4},"end":{"line":51,"column":5}},"32":{"start":{"line":48,"column":8},"end":{"line":50,"column":9}},"33":{"start":{"line":48,"column":21},"end":{"line":48,"column":22}},"34":{"start":{"line":49,"column":12},"end":{"line":49,"column":29}},"35":{"start":{"line":53,"column":4},"end":{"line":53,"column":18}},"36":{"start":{"line":56,"column":0},"end":{"line":56,"column":28}}},"fnMap":{"0":{"name":"(anonymous_0)","decl":{"start":{"line":8,"column":19},"end":{"line":8,"column":20}},"loc":{"start":{"line":8,"column":36},"end":{"line":54,"column":1}},"line":8}},"branchMap":{"0":{"loc":{"start":{"line":14,"column":8},"end":{"line":16,"column":9}},"type":"if","locations":[{"start":{"line":14,"column":8},"end":{"line":16,"column":9}},{"start":{"line":14,"column":8},"end":{"line":16,"column":9}}],"line":14},"1":{"loc":{"start":{"line":20,"column":8},"end":{"line":22,"column":9}},"type":"if","locations":[{"start":{"line":20,"column":8},"end":{"line":22,"column":9}},{"start":{"line":20,"column":8},"end":{"line":22,"column":9}}],"line":20},"2":{"loc":{"start":{"line":28,"column":12},"end":{"line":28,"column":70}},"type":"if","locations":[{"start":{"line":28,"column":12},"end":{"line":28,"column":70}},{"start":{"line":28,"column":12},"end":{"line":28,"column":70}}],"line":28},"3":{"loc":{"start":{"line":35,"column":12},"end":{"line":35,"column":73}},"type":"if","locations":[{"start":{"line":35,"column":12},"end":{"line":35,"column":73}},{"start":{"line":35,"column":12},"end":{"line":35,"column":73}}],"line":35},"4":{"loc":{"start":{"line":35,"column":16},"end":{"line":35,"column":54}},"type":"binary-expr","locations":[{"start":{"line":35,"column":16},"end":{"line":35,"column":33}},{"start":{"line":35,"column":37},"end":{"line":35,"column":54}}],"line":35},"5":{"loc":{"start":{"line":40,"column":4},"end":{"line":44,"column":5}},"type":"if","locations":[{"start":{"line":40,"column":4},"end":{"line":44,"column":5}},{"start":{"line":40,"column":4},"end":{"line":44,"column":5}}],"line":40},"6":{"loc":{"start":{"line":47,"column":4},"end":{"line":51,"column":5}},"type":"if","locations":[{"start":{"line":47,"column":4},"end":{"line":51,"column":5}},{"start":{"line":47,"column":4},"end":{"line":51,"column":5}}],"line":47}},"s":{"0":1,"1":2,"2":2,"3":2,"4":2,"5":2,"6":2,"7":3,"8":1,"9":1,"10":2,"11":2,"12":6,"13":1,"14":1,"15":2,"16":2,"17":3,"18":3,"19":9,"20":1,"21":2,"22":2,"23":3,"24":3,"25":9,"26":7,"27":2,"28":1,"29":1,"30":4,"31":2,"32":1,"33":1,"34":2,"35":2,"36":1},"f":{"0":2},"b":{"0":[1,2],"1":[1,5],"2":[1,8],"3":[7,2],"4":[9,3],"5":[1,1],"6":[1,1]},"_coverageSchema":"43e27e138ebf9cfc5966b082cf9a028302ed4184","hash":"56238209844ffcc7e13c5d3a866365012ccd29fd"}
,"/Users/krishcdbry/krishWork/mylocal/javascript-series/cdci/recursion_dp/climbstairs.js": {"path":"/Users/krishcdbry/krishWork/mylocal/javascript-series/cdci/recursion_dp/climbstairs.js","statementMap":{"0":{"start":{"line":12,"column":20},"end":{"line":20,"column":1}},"1":{"start":{"line":13,"column":14},"end":{"line":13,"column":24}},"2":{"start":{"line":14,"column":4},"end":{"line":18,"column":5}},"3":{"start":{"line":14,"column":17},"end":{"line":14,"column":18}},"4":{"start":{"line":15,"column":8},"end":{"line":15,"column":19}},"5":{"start":{"line":16,"column":8},"end":{"line":16,"column":56}},"6":{"start":{"line":16,"column":37},"end":{"line":16,"column":56}},"7":{"start":{"line":17,"column":8},"end":{"line":17,"column":56}},"8":{"start":{"line":17,"column":37},"end":{"line":17,"column":56}},"9":{"start":{"line":19,"column":4},"end":{"line":19,"column":18}},"10":{"start":{"line":22,"column":0},"end":{"line":22,"column":29}}},"fnMap":{"0":{"name":"(anonymous_0)","decl":{"start":{"line":12,"column":20},"end":{"line":12,"column":21}},"loc":{"start":{"line":12,"column":27},"end":{"line":20,"column":1}},"line":12}},"branchMap":{"0":{"loc":{"start":{"line":16,"column":8},"end":{"line":16,"column":56}},"type":"if","locations":[{"start":{"line":16,"column":8},"end":{"line":16,"column":56}},{"start":{"line":16,"column":8},"end":{"line":16,"column":56}}],"line":16},"1":{"loc":{"start":{"line":17,"column":8},"end":{"line":17,"column":56}},"type":"if","locations":[{"start":{"line":17,"column":8},"end":{"line":17,"column":56}},{"start":{"line":17,"column":8},"end":{"line":17,"column":56}}],"line":17}},"s":{"0":1,"1":3,"2":3,"3":3,"4":98,"5":98,"6":98,"7":98,"8":98,"9":3,"10":1},"f":{"0":3},"b":{"0":[98,0],"1":[98,0]},"_coverageSchema":"43e27e138ebf9cfc5966b082cf9a028302ed4184","hash":"e61b4912ddcc2755bd00842aaf20c08f80961057"}
,"/Users/krishcdbry/krishWork/mylocal/javascript-series/cdci/recursion_dp/countprimes.js": {"path":"/Users/krishcdbry/krishWork/mylocal/javascript-series/cdci/recursion_dp/countprimes.js","statementMap":{"0":{"start":{"line":6,"column":20},"end":{"line":27,"column":1}},"1":{"start":{"line":7,"column":17},"end":{"line":7,"column":37}},"2":{"start":{"line":8,"column":4},"end":{"line":8,"column":16}},"3":{"start":{"line":9,"column":4},"end":{"line":9,"column":28}},"4":{"start":{"line":9,"column":16},"end":{"line":9,"column":28}},"5":{"start":{"line":11,"column":22},"end":{"line":11,"column":34}},"6":{"start":{"line":13,"column":4},"end":{"line":19,"column":5}},"7":{"start":{"line":13,"column":17},"end":{"line":13,"column":18}},"8":{"start":{"line":14,"column":8},"end":{"line":18,"column":9}},"9":{"start":{"line":15,"column":12},"end":{"line":17,"column":13}},"10":{"start":{"line":15,"column":25},"end":{"line":15,"column":28}},"11":{"start":{"line":16,"column":18},"end":{"line":16,"column":30}},"12":{"start":{"line":21,"column":16},"end":{"line":21,"column":17}},"13":{"start":{"line":22,"column":4},"end":{"line":24,"column":5}},"14":{"start":{"line":23,"column":8},"end":{"line":23,"column":26}},"15":{"start":{"line":23,"column":18},"end":{"line":23,"column":26}},"16":{"start":{"line":26,"column":4},"end":{"line":26,"column":17}},"17":{"start":{"line":29,"column":0},"end":{"line":29,"column":29}}},"fnMap":{"0":{"name":"(anonymous_0)","decl":{"start":{"line":6,"column":20},"end":{"line":6,"column":21}},"loc":{"start":{"line":6,"column":27},"end":{"line":27,"column":1}},"line":6}},"branchMap":{"0":{"loc":{"start":{"line":9,"column":4},"end":{"line":9,"column":28}},"type":"if","locations":[{"start":{"line":9,"column":4},"end":{"line":9,"column":28}},{"start":{"line":9,"column":4},"end":{"line":9,"column":28}}],"line":9},"1":{"loc":{"start":{"line":14,"column":8},"end":{"line":18,"column":9}},"type":"if","locations":[{"start":{"line":14,"column":8},"end":{"line":18,"column":9}},{"start":{"line":14,"column":8},"end":{"line":18,"column":9}}],"line":14},"2":{"loc":{"start":{"line":23,"column":8},"end":{"line":23,"column":26}},"type":"if","locations":[{"start":{"line":23,"column":8},"end":{"line":23,"column":26}},{"start":{"line":23,"column":8},"end":{"line":23,"column":26}}],"line":23}},"s":{"0":1,"1":3,"2":3,"3":3,"4":3,"5":3,"6":3,"7":3,"8":41,"9":17,"10":17,"11":1515,"12":3,"13":3,"14":1110,"15":197,"16":3,"17":1},"f":{"0":3},"b":{"0":[3,0],"1":[17,24],"2":[197,913]},"_coverageSchema":"43e27e138ebf9cfc5966b082cf9a028302ed4184","hash":"7dd062e24023f7266d9e28fc7046cd8cf428f31c"}
,"/Users/krishcdbry/krishWork/mylocal/javascript-series/cdci/recursion_dp/find_magic_index.js": {"path":"/Users/krishcdbry/krishWork/mylocal/javascript-series/cdci/recursion_dp/find_magic_index.js","statementMap":{"0":{"start":{"line":7,"column":23},"end":{"line":21,"column":1}},"1":{"start":{"line":8,"column":15},"end":{"line":8,"column":16}},"2":{"start":{"line":9,"column":16},"end":{"line":9,"column":28}},"3":{"start":{"line":11,"column":4},"end":{"line":18,"column":5}},"4":{"start":{"line":12,"column":8},"end":{"line":12,"column":43}},"5":{"start":{"line":12,"column":31},"end":{"line":12,"column":43}},"6":{"start":{"line":14,"column":22},"end":{"line":14,"column":37}},"7":{"start":{"line":15,"column":6},"end":{"line":17,"column":27}},"8":{"start":{"line":15,"column":31},"end":{"line":15,"column":44}},"9":{"start":{"line":16,"column":11},"end":{"line":17,"column":27}},"10":{"start":{"line":16,"column":35},"end":{"line":16,"column":50}},"11":{"start":{"line":17,"column":11},"end":{"line":17,"column":27}},"12":{"start":{"line":20,"column":4},"end":{"line":20,"column":14}},"13":{"start":{"line":23,"column":0},"end":{"line":23,"column":32}}},"fnMap":{"0":{"name":"(anonymous_0)","decl":{"start":{"line":7,"column":23},"end":{"line":7,"column":24}},"loc":{"start":{"line":7,"column":32},"end":{"line":21,"column":1}},"line":7}},"branchMap":{"0":{"loc":{"start":{"line":12,"column":8},"end":{"line":12,"column":43}},"type":"if","locations":[{"start":{"line":12,"column":8},"end":{"line":12,"column":43}},{"start":{"line":12,"column":8},"end":{"line":12,"column":43}}],"line":12},"1":{"loc":{"start":{"line":15,"column":6},"end":{"line":17,"column":27}},"type":"if","locations":[{"start":{"line":15,"column":6},"end":{"line":17,"column":27}},{"start":{"line":15,"column":6},"end":{"line":17,"column":27}}],"line":15},"2":{"loc":{"start":{"line":16,"column":11},"end":{"line":17,"column":27}},"type":"if","locations":[{"start":{"line":16,"column":11},"end":{"line":17,"column":27}},{"start":{"line":16,"column":11},"end":{"line":17,"column":27}}],"line":16}},"s":{"0":1,"1":4,"2":4,"3":4,"4":7,"5":2,"6":5,"7":5,"8":1,"9":4,"10":4,"11":0,"12":1,"13":1},"f":{"0":4},"b":{"0":[2,5],"1":[1,4],"2":[4,0]},"_coverageSchema":"43e27e138ebf9cfc5966b082cf9a028302ed4184","hash":"811c5f769926737386919a0a0e42d0cd3fc03c08"}
,"/Users/krishcdbry/krishWork/mylocal/javascript-series/cdci/recursion_dp/findpivot.js": {"path":"/Users/krishcdbry/krishWork/mylocal/javascript-series/cdci/recursion_dp/findpivot.js","statementMap":{"0":{"start":{"line":12,"column":19},"end":{"line":22,"column":1}},"1":{"start":{"line":13,"column":20},"end":{"line":13,"column":31}},"2":{"start":{"line":14,"column":4},"end":{"line":14,"column":31}},"3":{"start":{"line":14,"column":21},"end":{"line":14,"column":31}},"4":{"start":{"line":15,"column":15},"end":{"line":15,"column":16}},"5":{"start":{"line":15,"column":26},"end":{"line":15,"column":51}},"6":{"start":{"line":15,"column":47},"end":{"line":15,"column":50}},"7":{"start":{"line":16,"column":4},"end":{"line":20,"column":5}},"8":{"start":{"line":16,"column":17},"end":{"line":16,"column":18}},"9":{"start":{"line":17,"column":5},"end":{"line":17,"column":22}},"10":{"start":{"line":18,"column":8},"end":{"line":18,"column":37}},"11":{"start":{"line":18,"column":28},"end":{"line":18,"column":37}},"12":{"start":{"line":19,"column":8},"end":{"line":19,"column":23}},"13":{"start":{"line":21,"column":4},"end":{"line":21,"column":14}},"14":{"start":{"line":24,"column":0},"end":{"line":24,"column":28}}},"fnMap":{"0":{"name":"(anonymous_0)","decl":{"start":{"line":12,"column":19},"end":{"line":12,"column":20}},"loc":{"start":{"line":12,"column":34},"end":{"line":22,"column":1}},"line":12},"1":{"name":"(anonymous_1)","decl":{"start":{"line":15,"column":38},"end":{"line":15,"column":39}},"loc":{"start":{"line":15,"column":47},"end":{"line":15,"column":50}},"line":15}},"branchMap":{"0":{"loc":{"start":{"line":14,"column":4},"end":{"line":14,"column":31}},"type":"if","locations":[{"start":{"line":14,"column":4},"end":{"line":14,"column":31}},{"start":{"line":14,"column":4},"end":{"line":14,"column":31}}],"line":14},"1":{"loc":{"start":{"line":18,"column":8},"end":{"line":18,"column":37}},"type":"if","locations":[{"start":{"line":18,"column":8},"end":{"line":18,"column":37}},{"start":{"line":18,"column":8},"end":{"line":18,"column":37}}],"line":18}},"s":{"0":1,"1":4,"2":4,"3":1,"4":3,"5":3,"6":15,"7":3,"8":3,"9":11,"10":11,"11":2,"12":9,"13":1,"14":1},"f":{"0":4,"1":15},"b":{"0":[1,3],"1":[2,9]},"_coverageSchema":"43e27e138ebf9cfc5966b082cf9a028302ed4184","hash":"f355a10e07771fbfd668e75c81cc068c586167b7"}
,"/Users/krishcdbry/krishWork/mylocal/javascript-series/cdci/recursion_dp/multiplyRecursive.js": {"path":"/Users/krishcdbry/krishWork/mylocal/javascript-series/cdci/recursion_dp/multiplyRecursive.js","statementMap":{"0":{"start":{"line":1,"column":16},"end":{"line":14,"column":1}},"1":{"start":{"line":2,"column":1},"end":{"line":2,"column":23}},"2":{"start":{"line":2,"column":14},"end":{"line":2,"column":23}},"3":{"start":{"line":3,"column":4},"end":{"line":3,"column":26}},"4":{"start":{"line":3,"column":17},"end":{"line":3,"column":26}},"5":{"start":{"line":5,"column":14},"end":{"line":5,"column":20}},"6":{"start":{"line":6,"column":21},"end":{"line":6,"column":34}},"7":{"start":{"line":8,"column":4},"end":{"line":13,"column":5}},"8":{"start":{"line":9,"column":8},"end":{"line":9,"column":35}},"9":{"start":{"line":12,"column":5},"end":{"line":12,"column":36}},"10":{"start":{"line":16,"column":26},"end":{"line":22,"column":1}},"11":{"start":{"line":17,"column":4},"end":{"line":17,"column":33}},"12":{"start":{"line":17,"column":24},"end":{"line":17,"column":33}},"13":{"start":{"line":18,"column":4},"end":{"line":20,"column":5}},"14":{"start":{"line":19,"column":8},"end":{"line":19,"column":25}},"15":{"start":{"line":21,"column":4},"end":{"line":21,"column":24}},"16":{"start":{"line":24,"column":0},"end":{"line":24,"column":35}}},"fnMap":{"0":{"name":"(anonymous_0)","decl":{"start":{"line":1,"column":16},"end":{"line":1,"column":17}},"loc":{"start":{"line":1,"column":26},"end":{"line":14,"column":1}},"line":1},"1":{"name":"(anonymous_1)","decl":{"start":{"line":16,"column":26},"end":{"line":16,"column":27}},"loc":{"start":{"line":16,"column":36},"end":{"line":22,"column":1}},"line":16}},"branchMap":{"0":{"loc":{"start":{"line":2,"column":1},"end":{"line":2,"column":23}},"type":"if","locations":[{"start":{"line":2,"column":1},"end":{"line":2,"column":23}},{"start":{"line":2,"column":1},"end":{"line":2,"column":23}}],"line":2},"1":{"loc":{"start":{"line":3,"column":4},"end":{"line":3,"column":26}},"type":"if","locations":[{"start":{"line":3,"column":4},"end":{"line":3,"column":26}},{"start":{"line":3,"column":4},"end":{"line":3,"column":26}}],"line":3},"2":{"loc":{"start":{"line":8,"column":4},"end":{"line":13,"column":5}},"type":"if","locations":[{"start":{"line":8,"column":4},"end":{"line":13,"column":5}},{"start":{"line":8,"column":4},"end":{"line":13,"column":5}}],"line":8},"3":{"loc":{"start":{"line":17,"column":4},"end":{"line":17,"column":33}},"type":"if","locations":[{"start":{"line":17,"column":4},"end":{"line":17,"column":33}},{"start":{"line":17,"column":4},"end":{"line":17,"column":33}}],"line":17},"4":{"loc":{"start":{"line":17,"column":8},"end":{"line":17,"column":22}},"type":"binary-expr","locations":[{"start":{"line":17,"column":8},"end":{"line":17,"column":13}},{"start":{"line":17,"column":17},"end":{"line":17,"column":22}}],"line":17},"5":{"loc":{"start":{"line":18,"column":4},"end":{"line":20,"column":5}},"type":"if","locations":[{"start":{"line":18,"column":4},"end":{"line":20,"column":5}},{"start":{"line":18,"column":4},"end":{"line":20,"column":5}}],"line":18}},"s":{"0":1,"1":21,"2":1,"3":20,"4":2,"5":18,"6":18,"7":18,"8":12,"9":6,"10":1,"11":4,"12":1,"13":3,"14":2,"15":3,"16":1},"f":{"0":21,"1":4},"b":{"0":[1,20],"1":[2,18],"2":[12,6],"3":[1,3],"4":[4,4],"5":[2,1]},"_coverageSchema":"43e27e138ebf9cfc5966b082cf9a028302ed4184","hash":"bb86cff1dbdd1ff268548d1f663d5615fbe96c73"}
,"/Users/krishcdbry/krishWork/mylocal/javascript-series/cdci/recursion_dp/powerset.js": {"path":"/Users/krishcdbry/krishWork/mylocal/javascript-series/cdci/recursion_dp/powerset.js","statementMap":{"0":{"start":{"line":7,"column":20},"end":{"line":12,"column":1}},"1":{"start":{"line":8,"column":4},"end":{"line":8,"column":21}},"2":{"start":{"line":9,"column":4},"end":{"line":11,"column":5}},"3":{"start":{"line":10,"column":8},"end":{"line":10,"column":57}},"4":{"start":{"line":14,"column":17},"end":{"line":18,"column":1}},"5":{"start":{"line":15,"column":16},"end":{"line":15,"column":18}},"6":{"start":{"line":16,"column":4},"end":{"line":16,"column":27}},"7":{"start":{"line":17,"column":4},"end":{"line":17,"column":15}},"8":{"start":{"line":20,"column":0},"end":{"line":20,"column":26}}},"fnMap":{"0":{"name":"(anonymous_0)","decl":{"start":{"line":7,"column":20},"end":{"line":7,"column":21}},"loc":{"start":{"line":7,"column":55},"end":{"line":12,"column":1}},"line":7},"1":{"name":"(anonymous_1)","decl":{"start":{"line":14,"column":17},"end":{"line":14,"column":18}},"loc":{"start":{"line":14,"column":32},"end":{"line":18,"column":1}},"line":14}},"branchMap":{"0":{"loc":{"start":{"line":7,"column":32},"end":{"line":7,"column":37}},"type":"default-arg","locations":[{"start":{"line":7,"column":36},"end":{"line":7,"column":37}}],"line":7},"1":{"loc":{"start":{"line":7,"column":39},"end":{"line":7,"column":50}},"type":"default-arg","locations":[{"start":{"line":7,"column":48},"end":{"line":7,"column":50}}],"line":7}},"s":{"0":1,"1":11,"2":11,"3":8,"4":1,"5":3,"6":3,"7":3,"8":1},"f":{"0":11,"1":3},"b":{"0":[3],"1":[3]},"_coverageSchema":"43e27e138ebf9cfc5966b082cf9a028302ed4184","hash":"0c74f8fd0f996bc348c9f85e225399c18d67fac8"}
,"/Users/krishcdbry/krishWork/mylocal/javascript-series/cdci/recursion_dp/towers_of_hanoi.js": {"path":"/Users/krishcdbry/krishWork/mylocal/javascript-series/cdci/recursion_dp/towers_of_hanoi.js","statementMap":{"0":{"start":{"line":3,"column":12},"end":{"line":3,"column":13}},"1":{"start":{"line":5,"column":17},"end":{"line":11,"column":5}},"2":{"start":{"line":6,"column":8},"end":{"line":10,"column":9}},"3":{"start":{"line":7,"column":12},"end":{"line":7,"column":51}},"4":{"start":{"line":8,"column":12},"end":{"line":8,"column":16}},"5":{"start":{"line":9,"column":12},"end":{"line":9,"column":51}},"6":{"start":{"line":13,"column":4},"end":{"line":13,"column":27}},"7":{"start":{"line":14,"column":4},"end":{"line":14,"column":13}},"8":{"start":{"line":17,"column":0},"end":{"line":17,"column":30}}},"fnMap":{"0":{"name":"TowerOfHanoi","decl":{"start":{"line":2,"column":9},"end":{"line":2,"column":21}},"loc":{"start":{"line":2,"column":25},"end":{"line":15,"column":1}},"line":2},"1":{"name":"(anonymous_1)","decl":{"start":{"line":5,"column":17},"end":{"line":5,"column":18}},"loc":{"start":{"line":5,"column":53},"end":{"line":11,"column":5}},"line":5}},"branchMap":{"0":{"loc":{"start":{"line":6,"column":8},"end":{"line":10,"column":9}},"type":"if","locations":[{"start":{"line":6,"column":8},"end":{"line":10,"column":9}},{"start":{"line":6,"column":8},"end":{"line":10,"column":9}}],"line":6}},"s":{"0":2,"1":2,"2":78,"3":38,"4":38,"5":38,"6":2,"7":2,"8":1},"f":{"0":2,"1":78},"b":{"0":[38,40]},"_coverageSchema":"43e27e138ebf9cfc5966b082cf9a028302ed4184","hash":"2e5793c733a6b9bc71776b3433e6bba0a4af5e3a"}
,"/Users/krishcdbry/krishWork/mylocal/javascript-series/cdci/recursion_dp/tribonacci.js": {"path":"/Users/krishcdbry/krishWork/mylocal/javascript-series/cdci/recursion_dp/tribonacci.js","statementMap":{"0":{"start":{"line":6,"column":19},"end":{"line":12,"column":1}},"1":{"start":{"line":7,"column":16},"end":{"line":7,"column":31}},"2":{"start":{"line":8,"column":4},"end":{"line":10,"column":5}},"3":{"start":{"line":8,"column":17},"end":{"line":8,"column":18}},"4":{"start":{"line":9,"column":8},"end":{"line":9,"column":44}},"5":{"start":{"line":11,"column":4},"end":{"line":11,"column":18}},"6":{"start":{"line":15,"column":0},"end":{"line":15,"column":28}}},"fnMap":{"0":{"name":"(anonymous_0)","decl":{"start":{"line":6,"column":19},"end":{"line":6,"column":20}},"loc":{"start":{"line":6,"column":31},"end":{"line":12,"column":1}},"line":6}},"branchMap":{},"s":{"0":1,"1":3,"2":3,"3":3,"4":56,"5":3,"6":1},"f":{"0":3},"b":{},"_coverageSchema":"43e27e138ebf9cfc5966b082cf9a028302ed4184","hash":"b2f507fba90802d04aba5143fc53cbc8a14b7ce9"}
,"/Users/krishcdbry/krishWork/mylocal/javascript-series/cdci/searching_sorting/binary_search.js": {"path":"/Users/krishcdbry/krishWork/mylocal/javascript-series/cdci/searching_sorting/binary_search.js","statementMap":{"0":{"start":{"line":7,"column":21},"end":{"line":26,"column":1}},"1":{"start":{"line":9,"column":12},"end":{"line":9,"column":13}},"2":{"start":{"line":10,"column":12},"end":{"line":10,"column":22}},"3":{"start":{"line":12,"column":4},"end":{"line":23,"column":5}},"4":{"start":{"line":13,"column":8},"end":{"line":14,"column":44}},"5":{"start":{"line":13,"column":30},"end":{"line":13,"column":39}},"6":{"start":{"line":14,"column":13},"end":{"line":14,"column":44}},"7":{"start":{"line":14,"column":35},"end":{"line":14,"column":44}},"8":{"start":{"line":16,"column":20},"end":{"line":16,"column":28}},"9":{"start":{"line":18,"column":8},"end":{"line":22,"column":23}},"10":{"start":{"line":18,"column":32},"end":{"line":18,"column":43}},"11":{"start":{"line":19,"column":13},"end":{"line":22,"column":23}},"12":{"start":{"line":20,"column":12},"end":{"line":20,"column":22}},"13":{"start":{"line":22,"column":13},"end":{"line":22,"column":23}},"14":{"start":{"line":25,"column":4},"end":{"line":25,"column":14}},"15":{"start":{"line":29,"column":0},"end":{"line":29,"column":30}}},"fnMap":{"0":{"name":"(anonymous_0)","decl":{"start":{"line":7,"column":21},"end":{"line":7,"column":22}},"loc":{"start":{"line":7,"column":38},"end":{"line":26,"column":1}},"line":7}},"branchMap":{"0":{"loc":{"start":{"line":13,"column":8},"end":{"line":14,"column":44}},"type":"if","locations":[{"start":{"line":13,"column":8},"end":{"line":14,"column":44}},{"start":{"line":13,"column":8},"end":{"line":14,"column":44}}],"line":13},"1":{"loc":{"start":{"line":14,"column":13},"end":{"line":14,"column":44}},"type":"if","locations":[{"start":{"line":14,"column":13},"end":{"line":14,"column":44}},{"start":{"line":14,"column":13},"end":{"line":14,"column":44}}],"line":14},"2":{"loc":{"start":{"line":18,"column":8},"end":{"line":22,"column":23}},"type":"if","locations":[{"start":{"line":18,"column":8},"end":{"line":22,"column":23}},{"start":{"line":18,"column":8},"end":{"line":22,"column":23}}],"line":18},"3":{"loc":{"start":{"line":19,"column":13},"end":{"line":22,"column":23}},"type":"if","locations":[{"start":{"line":19,"column":13},"end":{"line":22,"column":23}},{"start":{"line":19,"column":13},"end":{"line":22,"column":23}}],"line":19}},"s":{"0":1,"1":1,"2":1,"3":1,"4":3,"5":0,"6":3,"7":0,"8":3,"9":3,"10":1,"11":2,"12":1,"13":1,"14":0,"15":1},"f":{"0":1},"b":{"0":[0,3],"1":[0,3],"2":[1,2],"3":[1,1]},"_coverageSchema":"43e27e138ebf9cfc5966b082cf9a028302ed4184","hash":"d4b2f05172f358cbe315faea26ae48184d4d0910"}
,"/Users/krishcdbry/krishWork/mylocal/javascript-series/cdci/searching_sorting/merge_sort.js": {"path":"/Users/krishcdbry/krishWork/mylocal/javascript-series/cdci/searching_sorting/merge_sort.js","statementMap":{"0":{"start":{"line":6,"column":13},"end":{"line":41,"column":3}},"1":{"start":{"line":7,"column":4},"end":{"line":7,"column":32}},"2":{"start":{"line":7,"column":25},"end":{"line":7,"column":32}},"3":{"start":{"line":8,"column":15},"end":{"line":8,"column":16}},"4":{"start":{"line":9,"column":16},"end":{"line":9,"column":26}},"5":{"start":{"line":10,"column":14},"end":{"line":10,"column":29}},"6":{"start":{"line":11,"column":18},"end":{"line":11,"column":38}},"7":{"start":{"line":12,"column":19},"end":{"line":12,"column":40}},"8":{"start":{"line":14,"column":4},"end":{"line":14,"column":18}},"9":{"start":{"line":15,"column":4},"end":{"line":15,"column":19}},"10":{"start":{"line":17,"column":12},"end":{"line":17,"column":13}},"11":{"start":{"line":17,"column":19},"end":{"line":17,"column":20}},"12":{"start":{"line":17,"column":26},"end":{"line":17,"column":27}},"13":{"start":{"line":19,"column":4},"end":{"line":27,"column":5}},"14":{"start":{"line":20,"column":6},"end":{"line":25,"column":7}},"15":{"start":{"line":21,"column":8},"end":{"line":21,"column":28}},"16":{"start":{"line":21,"column":29},"end":{"line":21,"column":33}},"17":{"start":{"line":24,"column":8},"end":{"line":24,"column":29}},"18":{"start":{"line":24,"column":30},"end":{"line":24,"column":34}},"19":{"start":{"line":26,"column":6},"end":{"line":26,"column":10}},"20":{"start":{"line":29,"column":4},"end":{"line":33,"column":5}},"21":{"start":{"line":30,"column":6},"end":{"line":30,"column":26}},"22":{"start":{"line":31,"column":6},"end":{"line":31,"column":10}},"23":{"start":{"line":32,"column":6},"end":{"line":32,"column":10}},"24":{"start":{"line":36,"column":4},"end":{"line":40,"column":5}},"25":{"start":{"line":37,"column":6},"end":{"line":37,"column":27}},"26":{"start":{"line":38,"column":6},"end":{"line":38,"column":10}},"27":{"start":{"line":39,"column":6},"end":{"line":39,"column":10}},"28":{"start":{"line":47,"column":20},"end":{"line":50,"column":3}},"29":{"start":{"line":48,"column":4},"end":{"line":48,"column":14}},"30":{"start":{"line":49,"column":4},"end":{"line":49,"column":15}},"31":{"start":{"line":52,"column":2},"end":{"line":52,"column":29}}},"fnMap":{"0":{"name":"(anonymous_0)","decl":{"start":{"line":6,"column":13},"end":{"line":6,"column":14}},"loc":{"start":{"line":6,"column":22},"end":{"line":41,"column":3}},"line":6},"1":{"name":"(anonymous_1)","decl":{"start":{"line":47,"column":20},"end":{"line":47,"column":21}},"loc":{"start":{"line":47,"column":29},"end":{"line":50,"column":3}},"line":47}},"branchMap":{"0":{"loc":{"start":{"line":7,"column":4},"end":{"line":7,"column":32}},"type":"if","locations":[{"start":{"line":7,"column":4},"end":{"line":7,"column":32}},{"start":{"line":7,"column":4},"end":{"line":7,"column":32}}],"line":7},"1":{"loc":{"start":{"line":19,"column":11},"end":{"line":19,"column":52}},"type":"binary-expr","locations":[{"start":{"line":19,"column":11},"end":{"line":19,"column":29}},{"start":{"line":19,"column":33},"end":{"line":19,"column":52}}],"line":19},"2":{"loc":{"start":{"line":20,"column":6},"end":{"line":25,"column":7}},"type":"if","locations":[{"start":{"line":20,"column":6},"end":{"line":25,"column":7}},{"start":{"line":20,"column":6},"end":{"line":25,"column":7}}],"line":20}},"s":{"0":1,"1":36,"2":19,"3":17,"4":17,"5":17,"6":17,"7":17,"8":17,"9":17,"10":17,"11":17,"12":17,"13":17,"14":39,"15":23,"16":23,"17":16,"18":16,"19":39,"20":17,"21":5,"22":5,"23":5,"24":17,"25":19,"26":19,"27":19,"28":1,"29":2,"30":2,"31":1},"f":{"0":36,"1":2},"b":{"0":[19,17],"1":[56,43],"2":[23,16]},"_coverageSchema":"43e27e138ebf9cfc5966b082cf9a028302ed4184","hash":"fc9f35b19c74e8583e4825ac166abfb1e170bf78"}
,"/Users/krishcdbry/krishWork/mylocal/javascript-series/cdci/searching_sorting/quick_sort.js": {"path":"/Users/krishcdbry/krishWork/mylocal/javascript-series/cdci/searching_sorting/quick_sort.js","statementMap":{"0":{"start":{"line":7,"column":18},"end":{"line":29,"column":1}},"1":{"start":{"line":8,"column":18},"end":{"line":8,"column":24}},"2":{"start":{"line":9,"column":16},"end":{"line":9,"column":19}},"3":{"start":{"line":11,"column":4},"end":{"line":22,"column":5}},"4":{"start":{"line":12,"column":8},"end":{"line":21,"column":20}},"5":{"start":{"line":13,"column":12},"end":{"line":19,"column":13}},"6":{"start":{"line":13,"column":37},"end":{"line":13,"column":45}},"7":{"start":{"line":15,"column":27},"end":{"line":15,"column":36}},"8":{"start":{"line":16,"column":16},"end":{"line":16,"column":39}},"9":{"start":{"line":17,"column":16},"end":{"line":17,"column":34}},"10":{"start":{"line":18,"column":16},"end":{"line":18,"column":24}},"11":{"start":{"line":21,"column":13},"end":{"line":21,"column":20}},"12":{"start":{"line":24,"column":15},"end":{"line":24,"column":24}},"13":{"start":{"line":25,"column":4},"end":{"line":25,"column":23}},"14":{"start":{"line":26,"column":4},"end":{"line":26,"column":18}},"15":{"start":{"line":28,"column":4},"end":{"line":28,"column":16}},"16":{"start":{"line":37,"column":13},"end":{"line":42,"column":1}},"17":{"start":{"line":38,"column":4},"end":{"line":38,"column":23}},"18":{"start":{"line":38,"column":16},"end":{"line":38,"column":23}},"19":{"start":{"line":39,"column":16},"end":{"line":39,"column":36}},"20":{"start":{"line":40,"column":4},"end":{"line":40,"column":26}},"21":{"start":{"line":41,"column":4},"end":{"line":41,"column":26}},"22":{"start":{"line":48,"column":18},"end":{"line":51,"column":1}},"23":{"start":{"line":49,"column":4},"end":{"line":49,"column":31}},"24":{"start":{"line":50,"column":4},"end":{"line":50,"column":15}},"25":{"start":{"line":53,"column":0},"end":{"line":53,"column":27}}},"fnMap":{"0":{"name":"(anonymous_0)","decl":{"start":{"line":7,"column":18},"end":{"line":7,"column":19}},"loc":{"start":{"line":7,"column":36},"end":{"line":29,"column":1}},"line":7},"1":{"name":"(anonymous_1)","decl":{"start":{"line":37,"column":13},"end":{"line":37,"column":14}},"loc":{"start":{"line":37,"column":28},"end":{"line":42,"column":1}},"line":37},"2":{"name":"(anonymous_2)","decl":{"start":{"line":48,"column":18},"end":{"line":48,"column":19}},"loc":{"start":{"line":48,"column":27},"end":{"line":51,"column":1}},"line":48}},"branchMap":{"0":{"loc":{"start":{"line":12,"column":8},"end":{"line":21,"column":20}},"type":"if","locations":[{"start":{"line":12,"column":8},"end":{"line":21,"column":20}},{"start":{"line":12,"column":8},"end":{"line":21,"column":20}}],"line":12},"1":{"loc":{"start":{"line":13,"column":12},"end":{"line":19,"column":13}},"type":"if","locations":[{"start":{"line":13,"column":12},"end":{"line":19,"column":13}},{"start":{"line":13,"column":12},"end":{"line":19,"column":13}}],"line":13},"2":{"loc":{"start":{"line":38,"column":4},"end":{"line":38,"column":23}},"type":"if","locations":[{"start":{"line":38,"column":4},"end":{"line":38,"column":23}},{"start":{"line":38,"column":4},"end":{"line":38,"column":23}}],"line":38}},"s":{"0":1,"1":11,"2":11,"3":11,"4":50,"5":18,"6":11,"7":7,"8":7,"9":7,"10":7,"11":32,"12":11,"13":11,"14":11,"15":11,"16":1,"17":24,"18":13,"19":11,"20":11,"21":11,"22":1,"23":2,"24":2,"25":1},"f":{"0":11,"1":24,"2":2},"b":{"0":[18,32],"1":[11,7],"2":[13,11]},"_coverageSchema":"43e27e138ebf9cfc5966b082cf9a028302ed4184","hash":"658a3ff4681cf284411b76848c330609613045f6"}
}
