TN:
SF:/Users/krishcdbry/krishWork/mylocal/javascript-series/coinchange.js
FN:18,getCoinChange
FN:33,getCoinChangeObj
FNF:2
FNH:2
FNDA:1,getCoinChange
FNDA:1,getCoinChangeObj
DA:19,1
DA:20,1
DA:21,1
DA:23,1
DA:24,4
DA:25,28
DA:29,1
DA:34,1
DA:35,1
DA:36,1
DA:38,1
DA:39,4
DA:40,28
DA:41,28
DA:42,9
DA:46,1
DA:49,1
LF:17
LH:17
BRDA:40,0,0,28
BRDA:40,0,1,8
BRDA:41,1,0,19
BRDA:41,1,1,9
BRDA:46,2,0,1
BRDA:46,2,1,0
BRF:6
BRH:5
end_of_record
TN:
SF:/Users/krishcdbry/krishWork/mylocal/javascript-series/findduplicates.js
FN:1,findDuplicates
FN:3,(anonymous_1)
FNF:2
FNH:2
FNDA:3,findDuplicates
FNDA:21,(anonymous_1)
DA:2,3
DA:3,3
DA:4,21
DA:5,3
DA:9,1
LF:5
LH:5
BRDA:4,0,0,18
BRDA:4,0,1,3
BRF:2
BRH:2
end_of_record
TN:
SF:/Users/krishcdbry/krishWork/mylocal/javascript-series/cdci/binary_search.js
FN:2,(anonymous_0)
FNF:1
FNH:1
FNDA:1,(anonymous_0)
DA:2,1
DA:4,1
DA:5,1
DA:7,1
DA:8,3
DA:9,3
DA:11,3
DA:13,3
DA:14,2
DA:15,1
DA:17,1
DA:20,0
DA:24,1
LF:13
LH:12
BRDA:8,0,0,0
BRDA:8,0,1,3
BRDA:9,1,0,0
BRDA:9,1,1,3
BRDA:13,2,0,1
BRDA:13,2,1,2
BRDA:14,3,0,1
BRDA:14,3,1,1
BRF:8
BRH:6
end_of_record
TN:
SF:/Users/krishcdbry/krishWork/mylocal/javascript-series/cdci/merge_sort.js
FN:1,(anonymous_0)
FN:38,(anonymous_1)
FNF:2
FNH:2
FNDA:36,(anonymous_0)
FNDA:2,(anonymous_1)
DA:1,1
DA:2,36
DA:3,17
DA:4,17
DA:5,17
DA:6,17
DA:7,17
DA:9,17
DA:10,17
DA:12,17
DA:14,17
DA:15,39
DA:16,23
DA:19,16
DA:21,39
DA:24,17
DA:25,5
DA:26,5
DA:27,5
DA:31,17
DA:32,19
DA:33,19
DA:34,19
DA:38,1
DA:39,2
DA:40,2
DA:43,1
LF:27
LH:27
BRDA:2,0,0,19
BRDA:2,0,1,17
BRDA:14,1,0,56
BRDA:14,1,1,43
BRDA:15,2,0,23
BRDA:15,2,1,16
BRF:6
BRH:6
end_of_record
TN:
SF:/Users/krishcdbry/krishWork/mylocal/javascript-series/cdci/quick_sort.js
FN:1,(anonymous_0)
FN:25,(anonymous_1)
FN:32,(anonymous_2)
FNF:3
FNH:3
FNDA:11,(anonymous_0)
FNDA:24,(anonymous_1)
FNDA:2,(anonymous_2)
DA:1,1
DA:2,11
DA:3,11
DA:5,11
DA:6,50
DA:7,18
DA:9,7
DA:10,7
DA:11,7
DA:12,7
DA:15,32
DA:18,11
DA:19,11
DA:20,11
DA:22,11
DA:25,1
DA:26,24
DA:27,11
DA:28,11
DA:29,11
DA:32,1
DA:33,2
DA:34,2
DA:37,1
LF:24
LH:24
BRDA:6,0,0,18
BRDA:6,0,1,32
BRDA:7,1,0,11
BRDA:7,1,1,7
BRDA:26,2,0,13
BRDA:26,2,1,11
BRF:6
BRH:6
end_of_record
TN:
SF:/Users/krishcdbry/krishWork/mylocal/javascript-series/cdci/arrays_strings/is_permutation.js
FN:1,(anonymous_0)
FNF:1
FNH:1
FNDA:3,(anonymous_0)
DA:1,1
DA:2,3
DA:3,3
DA:5,3
DA:7,3
DA:8,10
DA:9,10
DA:10,10
DA:13,3
DA:14,10
DA:15,10
DA:16,9
DA:19,2
DA:22,1
LF:14
LH:14
BRDA:5,0,0,0
BRDA:5,0,1,3
BRDA:9,1,0,0
BRDA:9,1,1,10
BRDA:15,2,0,1
BRDA:15,2,1,9
BRF:6
BRH:4
end_of_record
TN:
SF:/Users/krishcdbry/krishWork/mylocal/javascript-series/cdci/arrays_strings/is_unique.js
FN:2,(anonymous_0)
FNF:1
FNH:1
FNDA:4,(anonymous_0)
DA:2,1
DA:3,4
DA:4,3
DA:5,3
DA:6,18
DA:8,1
DA:11,1
LF:7
LH:7
BRDA:3,0,0,1
BRDA:3,0,1,3
BRDA:6,1,0,2
BRDA:6,1,1,16
BRF:4
BRH:4
end_of_record
