TN:
SF:/Users/krishcdbry/krishWork/mylocal/javascript-series/algo/coinchange.js
FN:18,getCoinChange
FN:33,getCoinChangeObj
FNF:2
FNH:2
FNDA:1,getCoinChange
FNDA:1,getCoinChangeObj
DA:19,1
DA:20,1
DA:21,1
DA:23,1
DA:24,4
DA:25,28
DA:29,1
DA:34,1
DA:35,1
DA:36,1
DA:38,1
DA:39,4
DA:40,28
DA:41,28
DA:42,9
DA:46,1
DA:49,1
LF:17
LH:17
BRDA:40,0,0,28
BRDA:40,0,1,8
BRDA:41,1,0,19
BRDA:41,1,1,9
BRDA:46,2,0,1
BRDA:46,2,1,0
BRF:6
BRH:5
end_of_record
TN:
SF:/Users/krishcdbry/krishWork/mylocal/javascript-series/algo/findduplicates.js
FN:1,findDuplicates
FN:3,(anonymous_1)
FNF:2
FNH:2
FNDA:3,findDuplicates
FNDA:21,(anonymous_1)
DA:2,3
DA:3,3
DA:4,21
DA:5,3
DA:9,1
LF:5
LH:5
BRDA:4,0,0,18
BRDA:4,0,1,3
BRF:2
BRH:2
end_of_record
TN:
SF:/Users/krishcdbry/krishWork/mylocal/javascript-series/cdci/arrays_strings/is_permutation.js
FN:10,(anonymous_0)
FNF:1
FNH:1
FNDA:3,(anonymous_0)
DA:10,1
DA:11,3
DA:12,3
DA:14,3
DA:16,3
DA:17,10
DA:18,10
DA:19,10
DA:22,3
DA:23,10
DA:24,10
DA:25,9
DA:28,2
DA:31,1
LF:14
LH:14
BRDA:14,0,0,0
BRDA:14,0,1,3
BRDA:18,1,0,0
BRDA:18,1,1,10
BRDA:24,2,0,1
BRDA:24,2,1,9
BRF:6
BRH:4
end_of_record
TN:
SF:/Users/krishcdbry/krishWork/mylocal/javascript-series/cdci/arrays_strings/is_unique.js
FN:11,(anonymous_0)
FNF:1
FNH:1
FNDA:4,(anonymous_0)
DA:11,1
DA:12,4
DA:13,3
DA:14,3
DA:15,18
DA:17,1
DA:20,1
LF:7
LH:7
BRDA:12,0,0,1
BRDA:12,0,1,3
BRDA:15,1,0,2
BRDA:15,1,1,16
BRF:4
BRH:4
end_of_record
TN:
SF:/Users/krishcdbry/krishWork/mylocal/javascript-series/cdci/arrays_strings/one_away.js
FN:16,(anonymous_0)
FN:29,(anonymous_1)
FNF:2
FNH:2
FNDA:3,(anonymous_0)
FNDA:7,(anonymous_1)
DA:16,1
DA:17,3
DA:18,3
DA:19,13
DA:20,13
DA:21,10
DA:24,3
DA:25,12
DA:26,12
DA:29,7
DA:32,1
LF:11
LH:11
BRDA:20,0,0,3
BRDA:20,0,1,10
BRDA:26,1,0,8
BRDA:26,1,1,4
BRF:4
BRH:4
end_of_record
TN:
SF:/Users/krishcdbry/krishWork/mylocal/javascript-series/cdci/arrays_strings/palindrome_permutation.js
FN:16,(anonymous_0)
FN:24,(anonymous_1)
FNF:2
FNH:2
FNDA:3,(anonymous_0)
FNDA:28,(anonymous_1)
DA:16,1
DA:17,3
DA:18,3
DA:19,3
DA:20,63
DA:21,63
DA:22,34
DA:24,28
DA:27,1
LF:9
LH:9
BRDA:21,0,0,29
BRDA:21,0,1,34
BRDA:22,1,0,34
BRDA:22,1,1,0
BRF:4
BRH:3
end_of_record
TN:
SF:/Users/krishcdbry/krishWork/mylocal/javascript-series/cdci/arrays_strings/rotate_matrix.js
FN:10,(anonymous_0)
FNF:1
FNH:1
FNDA:2,(anonymous_0)
DA:10,1
DA:11,2
DA:12,2
DA:13,4
DA:14,4
DA:15,6
DA:17,6
DA:18,6
DA:19,6
DA:20,6
DA:21,6
DA:24,2
DA:27,1
LF:13
LH:13
BRF:0
BRH:0
end_of_record
TN:
SF:/Users/krishcdbry/krishWork/mylocal/javascript-series/cdci/arrays_strings/string_compression.js
FN:13,(anonymous_0)
FNF:1
FNH:1
FNDA:3,(anonymous_0)
DA:13,1
DA:14,3
DA:15,3
DA:16,3
DA:17,3
DA:19,3
DA:20,36
DA:21,12
DA:22,12
DA:23,11
DA:24,11
DA:26,24
DA:29,2
DA:31,2
DA:34,1
LF:15
LH:15
BRDA:20,0,0,12
BRDA:20,0,1,24
BRDA:22,1,0,1
BRDA:22,1,1,11
BRDA:31,2,0,0
BRDA:31,2,1,2
BRF:6
BRH:5
end_of_record
TN:
SF:/Users/krishcdbry/krishWork/mylocal/javascript-series/cdci/arrays_strings/urlify.js
FN:16,(anonymous_0)
FNF:1
FNH:1
FNDA:2,(anonymous_0)
DA:16,1
DA:17,2
DA:18,2
DA:19,38
DA:20,11
DA:21,11
DA:22,11
DA:24,38
DA:26,2
DA:30,1
LF:10
LH:10
BRDA:19,0,0,11
BRDA:19,0,1,27
BRF:2
BRH:2
end_of_record
TN:
SF:/Users/krishcdbry/krishWork/mylocal/javascript-series/cdci/arrays_strings/zero_matrix.js
FN:8,(anonymous_0)
FNF:1
FNH:1
FNDA:2,(anonymous_0)
DA:8,1
DA:9,2
DA:10,2
DA:13,2
DA:14,3
DA:15,1
DA:19,2
DA:20,6
DA:21,1
DA:26,2
DA:27,3
DA:28,9
DA:33,2
DA:34,3
DA:35,9
DA:40,2
DA:41,1
DA:42,4
DA:47,2
DA:48,1
DA:49,2
DA:53,2
DA:56,1
LF:23
LH:23
BRDA:14,0,0,1
BRDA:14,0,1,2
BRDA:20,1,0,1
BRDA:20,1,1,5
BRDA:28,2,0,1
BRDA:28,2,1,8
BRDA:35,3,0,7
BRDA:35,3,1,2
BRDA:35,4,0,9
BRDA:35,4,1,3
BRDA:40,5,0,1
BRDA:40,5,1,1
BRDA:47,6,0,1
BRDA:47,6,1,1
BRF:14
BRH:14
end_of_record
TN:
SF:/Users/krishcdbry/krishWork/mylocal/javascript-series/cdci/recursion_dp/climbstairs.js
FN:12,(anonymous_0)
FNF:1
FNH:1
FNDA:3,(anonymous_0)
DA:12,1
DA:13,3
DA:14,3
DA:15,98
DA:16,98
DA:17,98
DA:19,3
DA:22,1
LF:8
LH:8
BRDA:16,0,0,98
BRDA:16,0,1,0
BRDA:17,1,0,98
BRDA:17,1,1,0
BRF:4
BRH:2
end_of_record
TN:
SF:/Users/krishcdbry/krishWork/mylocal/javascript-series/cdci/recursion_dp/countprimes.js
FN:6,(anonymous_0)
FNF:1
FNH:1
FNDA:3,(anonymous_0)
DA:6,1
DA:7,3
DA:8,3
DA:9,3
DA:11,3
DA:13,3
DA:14,41
DA:15,17
DA:16,1515
DA:21,3
DA:22,3
DA:23,1110
DA:26,3
DA:29,1
LF:14
LH:14
BRDA:9,0,0,3
BRDA:9,0,1,0
BRDA:14,1,0,17
BRDA:14,1,1,24
BRDA:23,2,0,197
BRDA:23,2,1,913
BRF:6
BRH:5
end_of_record
TN:
SF:/Users/krishcdbry/krishWork/mylocal/javascript-series/cdci/recursion_dp/find_magic_index.js
FN:7,(anonymous_0)
FNF:1
FNH:1
FNDA:4,(anonymous_0)
DA:7,1
DA:8,4
DA:9,4
DA:11,4
DA:12,7
DA:14,5
DA:15,5
DA:16,4
DA:17,0
DA:20,1
DA:23,1
LF:11
LH:10
BRDA:12,0,0,2
BRDA:12,0,1,5
BRDA:15,1,0,1
BRDA:15,1,1,4
BRDA:16,2,0,4
BRDA:16,2,1,0
BRF:6
BRH:5
end_of_record
TN:
SF:/Users/krishcdbry/krishWork/mylocal/javascript-series/cdci/recursion_dp/findpivot.js
FN:12,(anonymous_0)
FN:15,(anonymous_1)
FNF:2
FNH:2
FNDA:4,(anonymous_0)
FNDA:15,(anonymous_1)
DA:12,1
DA:13,4
DA:14,4
DA:15,15
DA:16,3
DA:17,11
DA:18,11
DA:19,9
DA:21,1
DA:24,1
LF:10
LH:10
BRDA:14,0,0,1
BRDA:14,0,1,3
BRDA:18,1,0,2
BRDA:18,1,1,9
BRF:4
BRH:4
end_of_record
TN:
SF:/Users/krishcdbry/krishWork/mylocal/javascript-series/cdci/recursion_dp/tribonacci.js
FN:6,(anonymous_0)
FNF:1
FNH:1
FNDA:3,(anonymous_0)
DA:6,1
DA:7,3
DA:8,3
DA:9,56
DA:11,3
DA:15,1
LF:6
LH:6
BRF:0
BRH:0
end_of_record
TN:
SF:/Users/krishcdbry/krishWork/mylocal/javascript-series/cdci/searching_sorting/binary_search.js
FN:7,(anonymous_0)
FNF:1
FNH:1
FNDA:1,(anonymous_0)
DA:7,1
DA:9,1
DA:10,1
DA:12,1
DA:13,3
DA:14,3
DA:16,3
DA:18,3
DA:19,2
DA:20,1
DA:22,1
DA:25,0
DA:29,1
LF:13
LH:12
BRDA:13,0,0,0
BRDA:13,0,1,3
BRDA:14,1,0,0
BRDA:14,1,1,3
BRDA:18,2,0,1
BRDA:18,2,1,2
BRDA:19,3,0,1
BRDA:19,3,1,1
BRF:8
BRH:6
end_of_record
TN:
SF:/Users/krishcdbry/krishWork/mylocal/javascript-series/cdci/searching_sorting/merge_sort.js
FN:6,(anonymous_0)
FN:47,(anonymous_1)
FNF:2
FNH:2
FNDA:36,(anonymous_0)
FNDA:2,(anonymous_1)
DA:6,1
DA:7,36
DA:8,17
DA:9,17
DA:10,17
DA:11,17
DA:12,17
DA:14,17
DA:15,17
DA:17,17
DA:19,17
DA:20,39
DA:21,23
DA:24,16
DA:26,39
DA:29,17
DA:30,5
DA:31,5
DA:32,5
DA:36,17
DA:37,19
DA:38,19
DA:39,19
DA:47,1
DA:48,2
DA:49,2
DA:52,1
LF:27
LH:27
BRDA:7,0,0,19
BRDA:7,0,1,17
BRDA:19,1,0,56
BRDA:19,1,1,43
BRDA:20,2,0,23
BRDA:20,2,1,16
BRF:6
BRH:6
end_of_record
TN:
SF:/Users/krishcdbry/krishWork/mylocal/javascript-series/cdci/searching_sorting/quick_sort.js
FN:7,(anonymous_0)
FN:37,(anonymous_1)
FN:48,(anonymous_2)
FNF:3
FNH:3
FNDA:11,(anonymous_0)
FNDA:24,(anonymous_1)
FNDA:2,(anonymous_2)
DA:7,1
DA:8,11
DA:9,11
DA:11,11
DA:12,50
DA:13,18
DA:15,7
DA:16,7
DA:17,7
DA:18,7
DA:21,32
DA:24,11
DA:25,11
DA:26,11
DA:28,11
DA:37,1
DA:38,24
DA:39,11
DA:40,11
DA:41,11
DA:48,1
DA:49,2
DA:50,2
DA:53,1
LF:24
LH:24
BRDA:12,0,0,18
BRDA:12,0,1,32
BRDA:13,1,0,11
BRDA:13,1,1,7
BRDA:38,2,0,13
BRDA:38,2,1,11
BRF:6
BRH:6
end_of_record
